This is pdfTeX, Version 3.14159265-2.6-1.40.20 (TeX Live 2019/W32TeX) (preloaded format=pdflatex 2020.2.25)  22 OCT 2020 12:33
entering extended mode
 restricted \write18 enabled.
 %&-line parsing enabled.
**chapter2_.tex
(./chapter2_.tex
LaTeX2e <2020-02-02> patch level 3
L3 programming layer <2020-02-21>
(c:/texlive/2019/texmf-dist/tex/latex/base/report.cls
Document Class: report 2019/12/20 v1.4l Standard LaTeX document class
(c:/texlive/2019/texmf-dist/tex/latex/base/size10.clo
File: size10.clo 2019/12/20 v1.4l Standard LaTeX file (size option)
)
\c@part=\count167
\c@chapter=\count168
\c@section=\count169
\c@subsection=\count170
\c@subsubsection=\count171
\c@paragraph=\count172
\c@subparagraph=\count173
\c@figure=\count174
\c@table=\count175
\abovecaptionskip=\skip47
\belowcaptionskip=\skip48
\bibindent=\dimen134
)
(c:/texlive/2019/texmf-dist/tex/latex/base/inputenc.sty
Package: inputenc 2018/08/11 v1.3c Input encoding file
\inpenc@prehook=\toks14
\inpenc@posthook=\toks15
)
(c:/texlive/2019/texmf-dist/tex/generic/babel/babel.sty
Package: babel 2020/02/14 3.40 The Babel package

(c:/texlive/2019/texmf-dist/tex/generic/babel/switch.def
File: switch.def 2020/02/14 3.40 Babel switching mechanism
)
(c:/texlive/2019/texmf-dist/tex/generic/babel-english/english.ldf
Language: english 2017/06/06 v3.3r English support from the babel system

(c:/texlive/2019/texmf-dist/tex/generic/babel/babel.def
File: babel.def 2020/02/14 3.40 Babel common definitions
\babel@savecnt=\count176
\U@D=\dimen135

(c:/texlive/2019/texmf-dist/tex/generic/babel/txtbabel.def)
\bbl@readstream=\read2
\bbl@dirlevel=\count177
)
Package babel Info: \l@canadian = using hyphenrules for english
(babel)             (\language0) on input line 102.
Package babel Info: \l@australian = using hyphenrules for ukenglish
(babel)             (\language21) on input line 105.
Package babel Info: \l@newzealand = using hyphenrules for ukenglish
(babel)             (\language21) on input line 108.
))
(c:/texlive/2019/texmf-dist/tex/latex/amsmath/amsmath.sty
Package: amsmath 2020/01/20 v2.17e AMS math features
\@mathmargin=\skip49

For additional information on amsmath, use the `?' option.
(c:/texlive/2019/texmf-dist/tex/latex/amsmath/amstext.sty
Package: amstext 2000/06/29 v2.01 AMS text

(c:/texlive/2019/texmf-dist/tex/latex/amsmath/amsgen.sty
File: amsgen.sty 1999/11/30 v2.0 generic functions
\@emptytoks=\toks16
\ex@=\dimen136
))
(c:/texlive/2019/texmf-dist/tex/latex/amsmath/amsbsy.sty
Package: amsbsy 1999/11/29 v1.2d Bold Symbols
\pmbraise@=\dimen137
)
(c:/texlive/2019/texmf-dist/tex/latex/amsmath/amsopn.sty
Package: amsopn 2016/03/08 v2.02 operator names
)
\inf@bad=\count178
LaTeX Info: Redefining \frac on input line 227.
\uproot@=\count179
\leftroot@=\count180
LaTeX Info: Redefining \overline on input line 389.
\classnum@=\count181
\DOTSCASE@=\count182
LaTeX Info: Redefining \ldots on input line 486.
LaTeX Info: Redefining \dots on input line 489.
LaTeX Info: Redefining \cdots on input line 610.
\Mathstrutbox@=\box45
\strutbox@=\box46
\big@size=\dimen138
LaTeX Font Info:    Redeclaring font encoding OML on input line 733.
LaTeX Font Info:    Redeclaring font encoding OMS on input line 734.
\macc@depth=\count183
\c@MaxMatrixCols=\count184
\dotsspace@=\muskip16
\c@parentequation=\count185
\dspbrk@lvl=\count186
\tag@help=\toks17
\row@=\count187
\column@=\count188
\maxfields@=\count189
\andhelp@=\toks18
\eqnshift@=\dimen139
\alignsep@=\dimen140
\tagshift@=\dimen141
\tagwidth@=\dimen142
\totwidth@=\dimen143
\lineht@=\dimen144
\@envbody=\toks19
\multlinegap=\skip50
\multlinetaggap=\skip51
\mathdisplay@stack=\toks20
LaTeX Info: Redefining \[ on input line 2859.
LaTeX Info: Redefining \] on input line 2860.
)
(c:/texlive/2019/texmf-dist/tex/latex/amsfonts/amsfonts.sty
Package: amsfonts 2013/01/14 v3.01 Basic AMSFonts support
\symAMSa=\mathgroup4
\symAMSb=\mathgroup5
LaTeX Font Info:    Redeclaring math symbol \hbar on input line 98.
LaTeX Font Info:    Overwriting math alphabet `\mathfrak' in version `bold'
(Font)                  U/euf/m/n --> U/euf/b/n on input line 106.
)
(c:/texlive/2019/texmf-dist/tex/latex/amsfonts/amssymb.sty
Package: amssymb 2013/01/14 v3.01 AMS font symbols
)
(c:/texlive/2019/texmf-dist/tex/latex/graphics/graphicx.sty
Package: graphicx 2019/11/30 v1.2a Enhanced LaTeX Graphics (DPC,SPQR)

(c:/texlive/2019/texmf-dist/tex/latex/graphics/keyval.sty
Package: keyval 2014/10/28 v1.15 key=value parser (DPC)
\KV@toks@=\toks21
)
(c:/texlive/2019/texmf-dist/tex/latex/graphics/graphics.sty
Package: graphics 2019/11/30 v1.4a Standard LaTeX Graphics (DPC,SPQR)

(c:/texlive/2019/texmf-dist/tex/latex/graphics/trig.sty
Package: trig 2016/01/03 v1.10 sin cos tan (DPC)
)
(c:/texlive/2019/texmf-dist/tex/latex/graphics-cfg/graphics.cfg
File: graphics.cfg 2016/06/04 v1.11 sample graphics configuration
)
Package graphics Info: Driver file: pdftex.def on input line 105.

(c:/texlive/2019/texmf-dist/tex/latex/graphics-def/pdftex.def
File: pdftex.def 2018/01/08 v1.0l Graphics/color driver for pdftex
))
\Gin@req@height=\dimen145
\Gin@req@width=\dimen146
)
(c:/texlive/2019/texmf-dist/tex/latex/caption/caption.sty
Package: caption 2020/01/03 v3.4h Customizing captions (AR)

(c:/texlive/2019/texmf-dist/tex/latex/caption/caption3.sty
Package: caption3 2020/01/03 v1.8h caption3 kernel (AR)
Package caption3 Info: TeX engine: e-TeX on input line 61.
\captionmargin=\dimen147
\captionmargin@=\dimen148
\captionwidth=\dimen149
\caption@tempdima=\dimen150
\caption@indent=\dimen151
\caption@parindent=\dimen152
\caption@hangindent=\dimen153
Package caption Info: Standard document class detected.
)
\c@caption@flags=\count190
\c@continuedfloat=\count191
)
(c:/texlive/2019/texmf-dist/tex/latex/float/float.sty
Package: float 2001/11/08 v1.3d Float enhancements (AL)
\c@float@type=\count192
\float@exts=\toks22
\float@box=\box47
\@float@everytoks=\toks23
\@floatcapt=\box48
)
(c:/texlive/2019/texmf-dist/tex/latex/tools/array.sty
Package: array 2019/08/31 v2.4l Tabular extension package (FMi)
\col@sep=\dimen154
\ar@mcellbox=\box49
\extrarowheight=\dimen155
\NC@list=\toks24
\extratabsurround=\skip52
\backup@length=\skip53
\ar@cellbox=\box50
)
(c:/texlive/2019/texmf-dist/tex/latex/booktabs/booktabs.sty
Package: booktabs 2020/01/12 v1.61803398 Publication quality tables
\heavyrulewidth=\dimen156
\lightrulewidth=\dimen157
\cmidrulewidth=\dimen158
\belowrulesep=\dimen159
\belowbottomsep=\dimen160
\aboverulesep=\dimen161
\abovetopsep=\dimen162
\cmidrulesep=\dimen163
\cmidrulekern=\dimen164
\defaultaddspace=\dimen165
\@cmidla=\count193
\@cmidlb=\count194
\@aboverulesep=\dimen166
\@belowrulesep=\dimen167
\@thisruleclass=\count195
\@lastruleclass=\count196
\@thisrulewidth=\dimen168
)
(c:/texlive/2019/texmf-dist/tex/latex/varwidth/varwidth.sty
Package: varwidth 2009/03/30 ver 0.92;  Variable-width minipages
\@vwid@box=\box51
\sift@deathcycles=\count197
\@vwid@loff=\dimen169
\@vwid@roff=\dimen170
)
(c:/texlive/2019/texmf-dist/tex/latex/csvsimple/csvsimple.sty
Package: csvsimple 2019/04/09 version 1.21 LaTeX CSV file processing

(c:/texlive/2019/texmf-dist/tex/latex/pgf/utilities/pgfrcs.sty
(c:/texlive/2019/texmf-dist/tex/generic/pgf/utilities/pgfutil-common.tex
\pgfutil@everybye=\toks25
\pgfutil@tempdima=\dimen171
\pgfutil@tempdimb=\dimen172

(c:/texlive/2019/texmf-dist/tex/generic/pgf/utilities/pgfutil-common-lists.tex)
) (c:/texlive/2019/texmf-dist/tex/generic/pgf/utilities/pgfutil-latex.def
\pgfutil@abb=\box52

(c:/texlive/2019/texmf-dist/tex/latex/ms/everyshi.sty
Package: everyshi 2001/05/15 v3.00 EveryShipout Package (MS)
))
(c:/texlive/2019/texmf-dist/tex/generic/pgf/utilities/pgfrcs.code.tex
(c:/texlive/2019/texmf-dist/tex/generic/pgf/pgf.revision.tex)
Package: pgfrcs 2020/01/08 v3.1.5b (3.1.5b)
))
(c:/texlive/2019/texmf-dist/tex/latex/pgf/utilities/pgfkeys.sty
(c:/texlive/2019/texmf-dist/tex/generic/pgf/utilities/pgfkeys.code.tex
\pgfkeys@pathtoks=\toks26
\pgfkeys@temptoks=\toks27

(c:/texlive/2019/texmf-dist/tex/generic/pgf/utilities/pgfkeysfiltered.code.tex
\pgfkeys@tmptoks=\toks28
))) (c:/texlive/2019/texmf-dist/tex/latex/base/ifthen.sty
Package: ifthen 2014/09/29 v1.1c Standard LaTeX ifthen package (DPC)
)
(c:/texlive/2019/texmf-dist/tex/latex/etoolbox/etoolbox.sty
Package: etoolbox 2019/09/21 v2.5h e-TeX tools for LaTeX (JAW)
\etb@tempcnta=\count198
)
(c:/texlive/2019/texmf-dist/tex/latex/tools/shellesc.sty
Package: shellesc 2019/11/08 v1.0c unified shell escape interface for LaTeX
Package shellesc Info: Restricted shell escape enabled on input line 77.
)
\csv@file=\read3
\c@csvinputline=\count199
\c@csvrow=\count266
\c@csvcol=\count267
\csv@out=\write3
)
(c:/texlive/2019/texmf-dist/tex/latex/comment/comment.sty
\CommentStream=\write4

Excluding comment 'comment')
(c:/texlive/2019/texmf-dist/tex/latex/biblatex/biblatex.sty
Package: biblatex 2019/12/01 v3.14 programmable bibliographies (PK/MW)

(c:/texlive/2019/texmf-dist/tex/latex/pdftexcmds/pdftexcmds.sty
Package: pdftexcmds 2019/11/24 v0.31 Utility functions of pdfTeX for LuaTeX (HO
)

(c:/texlive/2019/texmf-dist/tex/generic/infwarerr/infwarerr.sty
Package: infwarerr 2019/12/03 v1.5 Providing info/warning/error messages (HO)
)
(c:/texlive/2019/texmf-dist/tex/generic/iftex/iftex.sty
Package: iftex 2019/11/07 v1.0c TeX engine tests
)
(c:/texlive/2019/texmf-dist/tex/generic/ltxcmds/ltxcmds.sty
Package: ltxcmds 2019/12/15 v1.24 LaTeX kernel commands for general use (HO)
)
Package pdftexcmds Info: \pdf@primitive is available.
Package pdftexcmds Info: \pdf@ifprimitive is available.
Package pdftexcmds Info: \pdfdraftmode found.
)
(c:/texlive/2019/texmf-dist/tex/latex/kvoptions/kvoptions.sty
Package: kvoptions 2019/11/29 v3.13 Key value format for package options (HO)

(c:/texlive/2019/texmf-dist/tex/generic/kvsetkeys/kvsetkeys.sty
Package: kvsetkeys 2019/12/15 v1.18 Key value parser (HO)
))
(c:/texlive/2019/texmf-dist/tex/latex/logreq/logreq.sty
Package: logreq 2010/08/04 v1.0 xml request logger
\lrq@indent=\count268

(c:/texlive/2019/texmf-dist/tex/latex/logreq/logreq.def
File: logreq.def 2010/08/04 v1.0 logreq spec v1.0
))
(c:/texlive/2019/texmf-dist/tex/latex/url/url.sty
\Urlmuskip=\muskip17
Package: url 2013/09/16  ver 3.4  Verb mode for urls, etc.
)
\c@tabx@nest=\count269
\c@listtotal=\count270
\c@listcount=\count271
\c@liststart=\count272
\c@liststop=\count273
\c@citecount=\count274
\c@citetotal=\count275
\c@multicitecount=\count276
\c@multicitetotal=\count277
\c@instcount=\count278
\c@maxnames=\count279
\c@minnames=\count280
\c@maxitems=\count281
\c@minitems=\count282
\c@citecounter=\count283
\c@maxcitecounter=\count284
\c@savedcitecounter=\count285
\c@uniquelist=\count286
\c@uniquename=\count287
\c@refsection=\count288
\c@refsegment=\count289
\c@maxextratitle=\count290
\c@maxextratitleyear=\count291
\c@maxextraname=\count292
\c@maxextradate=\count293
\c@maxextraalpha=\count294
\c@abbrvpenalty=\count295
\c@highnamepenalty=\count296
\c@lownamepenalty=\count297
\c@maxparens=\count298
\c@parenlevel=\count299
\blx@tempcnta=\count300
\blx@tempcntb=\count301
\blx@tempcntc=\count302
\blx@maxsection=\count303
\blx@maxsegment@0=\count304
\blx@notetype=\count305
\blx@parenlevel@text=\count306
\blx@parenlevel@foot=\count307
\blx@sectionciteorder@0=\count308
\blx@entrysetcounter=\count309
\labelnumberwidth=\skip54
\labelalphawidth=\skip55
\biblabelsep=\skip56
\bibitemsep=\skip57
\bibnamesep=\skip58
\bibinitsep=\skip59
\bibparsep=\skip60
\bibhang=\skip61
\blx@bcfin=\read4
\blx@bcfout=\write5
\blx@langwohyphens=\language85
\c@mincomprange=\count310
\c@maxcomprange=\count311
\c@mincompwidth=\count312
Package biblatex Info: Trying to load biblatex default data model...
Package biblatex Info: ... file 'blx-dm.def' found.

(c:/texlive/2019/texmf-dist/tex/latex/biblatex/blx-dm.def
File: blx-dm.def 2019/12/01 v3.14 biblatex localization (PK/MW)
)
Package biblatex Info: Trying to load biblatex style data model...
Package biblatex Info: ... file 'draft.dbx' not found.
Package biblatex Info: Trying to load biblatex custom data model...
Package biblatex Info: ... file 'biblatex-dm.cfg' not found.
\c@afterword=\count313
\c@savedafterword=\count314
\c@annotator=\count315
\c@savedannotator=\count316
\c@author=\count317
\c@savedauthor=\count318
\c@bookauthor=\count319
\c@savedbookauthor=\count320
\c@commentator=\count321
\c@savedcommentator=\count322
\c@editor=\count323
\c@savededitor=\count324
\c@editora=\count325
\c@savededitora=\count326
\c@editorb=\count327
\c@savededitorb=\count328
\c@editorc=\count329
\c@savededitorc=\count330
\c@foreword=\count331
\c@savedforeword=\count332
\c@holder=\count333
\c@savedholder=\count334
\c@introduction=\count335
\c@savedintroduction=\count336
\c@namea=\count337
\c@savednamea=\count338
\c@nameb=\count339
\c@savednameb=\count340
\c@namec=\count341
\c@savednamec=\count342
\c@translator=\count343
\c@savedtranslator=\count344
\c@shortauthor=\count345
\c@savedshortauthor=\count346
\c@shorteditor=\count347
\c@savedshorteditor=\count348
\c@labelname=\count349
\c@savedlabelname=\count350
\c@institution=\count351
\c@savedinstitution=\count352
\c@lista=\count353
\c@savedlista=\count354
\c@listb=\count355
\c@savedlistb=\count356
\c@listc=\count357
\c@savedlistc=\count358
\c@listd=\count359
\c@savedlistd=\count360
\c@liste=\count361
\c@savedliste=\count362
\c@listf=\count363
\c@savedlistf=\count364
\c@location=\count365
\c@savedlocation=\count366
\c@organization=\count367
\c@savedorganization=\count368
\c@origlocation=\count369
\c@savedoriglocation=\count370
\c@origpublisher=\count371
\c@savedorigpublisher=\count372
\c@publisher=\count373
\c@savedpublisher=\count374
\c@language=\count375
\c@savedlanguage=\count376
\c@origlanguage=\count377
\c@savedoriglanguage=\count378
\c@pageref=\count379
\c@savedpageref=\count380
\shorthandwidth=\skip62
\shortjournalwidth=\skip63
\shortserieswidth=\skip64
\shorttitlewidth=\skip65
\shortauthorwidth=\skip66
\shorteditorwidth=\skip67
\locallabelnumberwidth=\skip68
\locallabelalphawidth=\skip69
\localshorthandwidth=\skip70
\localshortjournalwidth=\skip71
\localshortserieswidth=\skip72
\localshorttitlewidth=\skip73
\localshortauthorwidth=\skip74
\localshorteditorwidth=\skip75
Package biblatex Info: Trying to load compatibility code...
Package biblatex Info: ... file 'blx-compat.def' found.

(c:/texlive/2019/texmf-dist/tex/latex/biblatex/blx-compat.def
File: blx-compat.def 2019/12/01 v3.14 biblatex compatibility (PK/MW)
)
Package biblatex Info: Trying to load BibTeX backend compatibility...
Package biblatex Info: ... file 'blx-bibtex.def' found.

(c:/texlive/2019/texmf-dist/tex/latex/biblatex/blx-bibtex.def
File: blx-bibtex.def 2019/12/01 v3.14 biblatex compatibility (PK/MW)


Package biblatex Warning: Using fall-back BibTeX(8) backend:
(biblatex)                functionality may be reduced/unavailable.

)
Package biblatex Info: Trying to load generic definitions...
Package biblatex Info: ... file 'biblatex.def' found.
 (c:/texlive/2019/texmf-dist/tex/latex/biblatex/biblatex.def
File: biblatex.def 2019/12/01 v3.14 biblatex compatibility (PK/MW)
\c@textcitecount=\count381
\c@textcitetotal=\count382
\c@textcitemaxnames=\count383
\c@biburlbigbreakpenalty=\count384
\c@biburlbreakpenalty=\count385
\c@biburlnumpenalty=\count386
\c@biburlucpenalty=\count387
\c@biburllcpenalty=\count388
\biburlbigskip=\muskip18
\biburlnumskip=\muskip19
\biburlucskip=\muskip20
\biburllcskip=\muskip21
\c@smartand=\count389
)
Package biblatex Info: Trying to load bibliography style 'draft'...
Package biblatex Info: ... file 'draft.bbx' found.

(c:/texlive/2019/texmf-dist/tex/latex/biblatex/bbx/draft.bbx
File: draft.bbx 2019/12/01 v3.14 biblatex bibliography style (PK/MW)
Package biblatex Info: Trying to load bibliography style 'standard'...
Package biblatex Info: ... file 'standard.bbx' found.

(c:/texlive/2019/texmf-dist/tex/latex/biblatex/bbx/standard.bbx
File: standard.bbx 2019/12/01 v3.14 biblatex bibliography style (PK/MW)
\c@bbx:relatedcount=\count390
\c@bbx:relatedtotal=\count391
))
Package biblatex Info: Trying to load citation style 'draft'...
Package biblatex Info: ... file 'draft.cbx' found.

(c:/texlive/2019/texmf-dist/tex/latex/biblatex/cbx/draft.cbx
File: draft.cbx 2019/12/01 v3.14 biblatex citation style (PK/MW)
Package biblatex Info: Redefining '\cite'.
Package biblatex Info: Redefining '\parencite'.
Package biblatex Info: Redefining '\footcite'.
Package biblatex Info: Redefining '\footcitetext'.
Package biblatex Info: Redefining '\smartcite'.
Package biblatex Info: Redefining '\textcite'.
)
Package biblatex Info: Trying to load configuration file...
Package biblatex Info: ... file 'biblatex.cfg' found.

(c:/texlive/2019/texmf-dist/tex/latex/biblatex/biblatex.cfg
File: biblatex.cfg 
))
(../AIT_report_macros.tex
LaTeX Info: Redefining \vec on input line 30.
)

Package biblatex Warning: 'babel/polyglossia' detected but 'csquotes' missing.
(biblatex)                Loading 'csquotes' recommended.

\@quotelevel=\count392
\@quotereset=\count393
(c:/texlive/2019/texmf-dist/tex/latex/l3backend/l3backend-pdfmode.def
File: l3backend-pdfmode.def 2020-02-21 L3 backend support: PDF mode
\l__kernel_color_stack_int=\count394
\l__pdf_internal_box=\box53
)
(./chapter2_.aux)
\openout1 = `chapter2_.aux'.

LaTeX Font Info:    Checking defaults for OML/cmm/m/it on input line 31.
LaTeX Font Info:    ... okay on input line 31.
LaTeX Font Info:    Checking defaults for OMS/cmsy/m/n on input line 31.
LaTeX Font Info:    ... okay on input line 31.
LaTeX Font Info:    Checking defaults for OT1/cmr/m/n on input line 31.
LaTeX Font Info:    ... okay on input line 31.
LaTeX Font Info:    Checking defaults for T1/cmr/m/n on input line 31.
LaTeX Font Info:    ... okay on input line 31.
LaTeX Font Info:    Checking defaults for TS1/cmr/m/n on input line 31.
LaTeX Font Info:    ... okay on input line 31.
LaTeX Font Info:    Checking defaults for OMX/cmex/m/n on input line 31.
LaTeX Font Info:    ... okay on input line 31.
LaTeX Font Info:    Checking defaults for U/cmr/m/n on input line 31.
LaTeX Font Info:    ... okay on input line 31.

(c:/texlive/2019/texmf-dist/tex/context/base/mkii/supp-pdf.mkii
[Loading MPS to PDF converter (version 2006.09.02).]
\scratchcounter=\count395
\scratchdimen=\dimen173
\scratchbox=\box54
\nofMPsegments=\count396
\nofMParguments=\count397
\everyMPshowfont=\toks29
\MPscratchCnt=\count398
\MPscratchDim=\dimen174
\MPnumerator=\count399
\makeMPintoPDFobject=\count400
\everyMPtoPDFconversion=\toks30
) (c:/texlive/2019/texmf-dist/tex/latex/epstopdf-pkg/epstopdf-base.sty
Package: epstopdf-base 2020-01-24 v2.11 Base part for package epstopdf

(c:/texlive/2019/texmf-dist/tex/latex/grfext/grfext.sty
Package: grfext 2019/12/03 v1.3 Manage graphics extensions (HO)

(c:/texlive/2019/texmf-dist/tex/generic/kvdefinekeys/kvdefinekeys.sty
Package: kvdefinekeys 2019-12-19 v1.6 Define keys (HO)
))
Package epstopdf-base Info: Redefining graphics rule for `.eps' on input line 4
85.
Package grfext Info: Graphics extension search list:
(grfext)             [.pdf,.png,.jpg,.mps,.jpeg,.jbig2,.jb2,.PDF,.PNG,.JPG,.JPE
G,.JBIG2,.JB2,.eps]
(grfext)             \AppendGraphicsExtensions on input line 504.

(c:/texlive/2019/texmf-dist/tex/latex/latexconfig/epstopdf-sys.cfg
File: epstopdf-sys.cfg 2010/07/13 v1.3 Configuration of (r)epstopdf for TeX Liv
e
))
Package caption Info: Begin \AtBeginDocument code.
Package caption Info: float package is loaded.
Package caption Info: End \AtBeginDocument code.

ABD: EveryShipout initializing macros
Package biblatex Info: Trying to load language 'english'...
Package biblatex Info: ... file 'english.lbx' found.

(c:/texlive/2019/texmf-dist/tex/latex/biblatex/lbx/english.lbx
File: english.lbx 2019/12/01 v3.14 biblatex localization (PK/MW)
)
Package biblatex Info: Input encoding 'utf8' detected.
Package biblatex Info: Automatic encoding selection.
(biblatex)             Assuming data encoding 'utf8'.
Package biblatex Info: Input encoding 'utf8' specified.
Package biblatex Info: Data encoding 'utf8' specified.
(biblatex)             No need to reencode data.
\openout5 = `chapter2_-blx.bib'.

Package biblatex Info: Trying to load bibliographic data...
Package biblatex Info: ... file 'chapter2_.bbl' found.

(./chapter2_.bbl)
Package biblatex Info: Reference section=0 on input line 31.
Package biblatex Info: Reference segment=0 on input line 31.
LaTeX Font Info:    Trying to load font information for U+msa on input line 32.

 (c:/texlive/2019/texmf-dist/tex/latex/amsfonts/umsa.fd
File: umsa.fd 2013/01/14 v3.01 AMS symbols A
)
LaTeX Font Info:    Trying to load font information for U+msb on input line 32.


(c:/texlive/2019/texmf-dist/tex/latex/amsfonts/umsb.fd
File: umsb.fd 2013/01/14 v3.01 AMS symbols B
) [1

{c:/texlive/2019/texmf-var/fonts/map/pdftex/updmap/pdftex.map}] (./chapter2_.to
c
Overfull \hbox (1.97282pt too wide) in paragraph at lines 28--28
 [][] []\OT1/cmr/m/n/10 Sum of ex-pected Squared Pre-dic-tion Er- 
 []

[1

])
\tf@toc=\write6
\openout6 = `chapter2_.toc'.


Overfull \hbox (111.07507pt too wide) in paragraph at lines 59--60
\OT1/cmr/m/n/10 model is there-fore lin-ear in its pa-ram-e-ters as well as in 
its in-puts. $\OT1/cmr/bx/n/10 bishop2006patternRecognition$
 []

[2]
Overfull \hbox (21.97246pt too wide) in paragraph at lines 95--96
\OT1/cmr/m/n/10 ob-tain a unique es-ti-ma-tor for the re-gres-sion co-ef-fi-cie
nts $[]$. $\OT1/cmr/bx/n/10 fahrmeir2013regression$ 
 []

[3] [4]
Underfull \hbox (badness 10000) in paragraph at lines 189--190

 []


Underfull \hbox (badness 10000) in paragraph at lines 210--211

 []

[5]
Underfull \hbox (badness 10000) in paragraph at lines 227--228

 []

[6]
Underfull \hbox (badness 10000) in paragraph at lines 282--283

 []

[7] [8]
Underfull \hbox (badness 10000) in paragraph at lines 376--377

 []

[9]
Underfull \hbox (badness 10000) in paragraph at lines 393--394

 []


Underfull \hbox (badness 10000) in paragraph at lines 403--404

 []


Overfull \hbox (15.89497pt too wide) in paragraph at lines 425--426
[]\OT1/cmr/m/n/10 Lower val-ues of AIC cor-re-spond to a bet-ter model fit. $\O
T1/cmr/bx/n/10 fahrmeir2013regression$ 
 []


Underfull \hbox (badness 10000) in paragraph at lines 427--428

 []


Overfull \hbox (15.47832pt too wide) in paragraph at lines 439--440
[]\OT1/cmr/m/n/10 Lower val-ues of BIC cor-re-spond to a bet-ter model fit. $\O
T1/cmr/bx/n/10 fahrmeir2013regression$ 
 []


Underfull \hbox (badness 10000) in paragraph at lines 441--442

 []

[10]
Underfull \hbox (badness 10000) in paragraph at lines 474--475

 []

[11]
Underfull \hbox (badness 10000) in paragraph at lines 478--479

 []


Underfull \hbox (badness 10000) in paragraph at lines 482--483

 []


Underfull \hbox (badness 10000) in paragraph at lines 497--498

 []


Overfull \hbox (27.18878pt too wide) in paragraph at lines 513--514
[]\OT1/cmr/m/n/10 Ridge re-gres-sion is com-monly when the in-put di-men-sion $
\OML/cmm/m/it/10 p$ \OT1/cmr/m/n/10 is high. $\OT1/cmr/bx/n/10 hoerl1970ridge$ 

 []


Underfull \hbox (badness 10000) in paragraph at lines 515--516

 []

[12]
Overfull \hbox (83.47252pt too wide) in paragraph at lines 529--530
\OT1/cmr/m/n/10 given in $\OT1/cmr/bx/n/10 tibshirani1996lasso$\OT1/cmr/m/n/10 
, or least an-gle re-gres-sion, given in $\OT1/cmr/bx/n/10 efron2004leastangler
egression$\OT1/cmr/m/n/10 . 
 []


Underfull \hbox (badness 10000) in paragraph at lines 529--530

 []


Overfull \hbox (120.4083pt too wide) in paragraph at lines 537--539
\OT1/cmr/m/n/10 the multi-dimensional ex-pan-sion of B-splines, as well as P-sp
lines. $\OT1/cmr/bx/n/10 deBoor1978practicalGuideToSplines$
 []

[13]
<../thesisplots/linear_and_quadratic_spline.pdf, id=63, 442.27734pt x 253.78815
pt>
File: ../thesisplots/linear_and_quadratic_spline.pdf Graphic file (type pdf)
<use ../thesisplots/linear_and_quadratic_spline.pdf>
Package pdftex.def Info: ../thesisplots/linear_and_quadratic_spline.pdf  used o
n input line 558.
(pdftex.def)             Requested size: 345.0pt x 197.97717pt.
 [14 <../thesisplots/linear_and_quadratic_spline.pdf>]

LaTeX Warning: Citation 'osullivan1986statistical' on page 15 undefined on inpu
t line 610.

[15] [16]

LaTeX Warning: Citation 'wood2006GAM' on page 17 undefined on input line 674.


Overfull \hbox (4.33957pt too wide) in paragraph at lines 682--683
\OT1/cmr/m/n/10 model the gen-er-ally non-linear re-la-tion-ship be-tween the i
n-put data $\OMS/cmsy/m/n/10 f\OML/cmm/m/it/10 x[]; [] ; x[]\OMS/cmsy/m/n/10 g$

 []

[17] [18]
Chapter 1.

Overfull \hbox (60.92542pt too wide) in paragraph at lines 742--750
 [][] 
 []


Overfull \hbox (34.41942pt too wide) in paragraph at lines 758--769
 [][] 
 []

[19

]
<../thesisplots/test_func.pdf, id=104, 572.2724pt x 348.8831pt>
File: ../thesisplots/test_func.pdf Graphic file (type pdf)
<use ../thesisplots/test_func.pdf>
Package pdftex.def Info: ../thesisplots/test_func.pdf  used on input line 783.
(pdftex.def)             Requested size: 345.0pt x 210.33229pt.
 [20 <../thesisplots/test_func.pdf>]
<../thesisplots/smooth_bf.pdf, id=125, 572.2724pt x 348.8831pt>
File: ../thesisplots/smooth_bf.pdf Graphic file (type pdf)
<use ../thesisplots/smooth_bf.pdf>
Package pdftex.def Info: ../thesisplots/smooth_bf.pdf  used on input line 830.
(pdftex.def)             Requested size: 345.0pt x 210.33229pt.
<../thesisplots/smooth_wiggly_bf.pdf, id=126, 566.34401pt x 348.8831pt>
File: ../thesisplots/smooth_wiggly_bf.pdf Graphic file (type pdf)
<use ../thesisplots/smooth_wiggly_bf.pdf>
Package pdftex.def Info: ../thesisplots/smooth_wiggly_bf.pdf  used on input lin
e 841.
(pdftex.def)             Requested size: 345.0pt x 212.53622pt.
 [21 <../thesisplots/smooth_bf.pdf>]
[22 <../thesisplots/smooth_wiggly_bf.pdf>]
<../thesisplots/p_splines.pdf, id=210, 572.2724pt x 348.8831pt>
File: ../thesisplots/p_splines.pdf Graphic file (type pdf)
<use ../thesisplots/p_splines.pdf>
Package pdftex.def Info: ../thesisplots/p_splines.pdf  used on input line 908.
(pdftex.def)             Requested size: 345.0pt x 210.33229pt.
 [23] [24 <../thesisplots/p_splines.pdf>]
<../thesisplots/algorithm.pdf, id=246, 614.26657pt x 794.94157pt>
File: ../thesisplots/algorithm.pdf Graphic file (type pdf)
<use ../thesisplots/algorithm.pdf>
Package pdftex.def Info: ../thesisplots/algorithm.pdf  used on input line 950.
(pdftex.def)             Requested size: 207.0021pt x 267.88698pt.
<../thesisplots/inc_spline.pdf, id=247, 572.2724pt x 348.8831pt>
File: ../thesisplots/inc_spline.pdf Graphic file (type pdf)
<use ../thesisplots/inc_spline.pdf>
Package pdftex.def Info: ../thesisplots/inc_spline.pdf  used on input line 963.

(pdftex.def)             Requested size: 345.0pt x 210.33229pt.
 [25 <../thesisplots/algorithm.pdf>] [26 <../thesisplots/inc_spline.pdf>]
Overfull \hbox (35.64676pt too wide) in paragraph at lines 1002--1004
\OT1/cmr/m/n/10 cients $\OML/cmm/m/it/10 ^^L[]$ \OT1/cmr/m/n/10 and $\OML/cmm/m
/it/10 ^^L[]$ \OT1/cmr/m/n/10 are in-creas-ing or de-creas-ing, re-spec-tively.
 $\OT1/cmr/bx/n/10 hofner2011monotonicity$
 []

[27]
<../thesisplots/peak_spline.pdf, id=325, 580.33377pt x 348.8831pt>
File: ../thesisplots/peak_spline.pdf Graphic file (type pdf)
<use ../thesisplots/peak_spline.pdf>
Package pdftex.def Info: ../thesisplots/peak_spline.pdf  used on input line 104
8.
(pdftex.def)             Requested size: 345.0pt x 207.40967pt.
 [28 <../thesisplots/peak_spline.pdf>] [29]
Overfull \hbox (30.43452pt too wide) in paragraph at lines 1164--1165
\OT1/cmr/m/n/10 ad-di-tive mod-els given in Chap-ter \OT1/cmr/m/it/10 Ad-di-tiv
e Mod-els\OT1/cmr/m/n/10 . Given in-put data $\OMS/cmsy/m/n/10 f\OML/cmm/m/it/1
0 x[]; [] ; x[]; y[]\OMS/cmsy/m/n/10 g$
 []

[30] [31] [32]
<../thesisplots/2d_example.pdf, id=380, 513.51651pt x 450.9648pt>
File: ../thesisplots/2d_example.pdf Graphic file (type pdf)
<use ../thesisplots/2d_example.pdf>
Package pdftex.def Info: ../thesisplots/2d_example.pdf  used on input line 1309
.
(pdftex.def)             Requested size: 345.0pt x 302.98433pt.
 [33] [34 <../thesisplots/2d_example.pdf>]
Overfull \hbox (0.73257pt too wide) in paragraph at lines 1317--1317
[]\OT1/cmr/m/n/10 Bradley Efron et al. ``Least an-gle re-gres-sion''.
 []


Overfull \hbox (68.75261pt too wide) in paragraph at lines 1317--1317
[]\OT1/cmr/m/n/10 Joel H Ferziger and Milo-van Peric. \OT1/cmr/m/it/10 Nu-meris
che Str^^?omungsmechanik\OT1/cmr/m/n/10 .
 []


Overfull \hbox (7.16621pt too wide) in paragraph at lines 1317--1317
[]\OT1/cmr/m/n/10 Benjamin Hofner, J^^?org M^^?uller, and Torsten Hothorn.
 []

[35

]
Overfull \hbox (4.56575pt too wide) in paragraph at lines 1317--1317
\OT1/cmr/m/n/10 via the lasso''. In: \OT1/cmr/m/it/10 Jour-nal of the Royal Sta
-tis-ti-cal So-ci-ety: Se-ries B (Method-
 []

[36] (./chapter2_.aux)

LaTeX Warning: There were undefined references.


Package biblatex Warning: Please (re)run BibTeX on the file(s):
(biblatex)                chapter2_
(biblatex)                and rerun LaTeX afterwards.

Package logreq Info: Writing requests to 'chapter2_.run.xml'.
\openout1 = `chapter2_.run.xml'.

 ) 
Here is how much of TeX's memory you used:
 13196 strings out of 481228
 241152 string characters out of 5921397
 684678 words of memory out of 5000000
 28270 multiletter control sequences out of 15000+600000
 544543 words of font info for 69 fonts, out of 8000000 for 9000
 1141 hyphenation exceptions out of 8191
 43i,19n,48p,843b,1704s stack positions out of 5000i,500n,10000p,200000b,80000s
{c:/texlive/2019/texmf-dist/fonts/enc/dvips/cm-super/cm-super-ts1.enc}<c:/tex
live/2019/texmf-dist/fonts/type1/public/amsfonts/cm/cmbx10.pfb><c:/texlive/2019
/texmf-dist/fonts/type1/public/amsfonts/cm/cmbx12.pfb><c:/texlive/2019/texmf-di
st/fonts/type1/public/amsfonts/cm/cmex10.pfb><c:/texlive/2019/texmf-dist/fonts/
type1/public/amsfonts/cm/cmmi10.pfb><c:/texlive/2019/texmf-dist/fonts/type1/pub
lic/amsfonts/cm/cmmi5.pfb><c:/texlive/2019/texmf-dist/fonts/type1/public/amsfon
ts/cm/cmmi7.pfb><c:/texlive/2019/texmf-dist/fonts/type1/public/amsfonts/cm/cmmi
b10.pfb><c:/texlive/2019/texmf-dist/fonts/type1/public/amsfonts/cmextra/cmmib7.
pfb><c:/texlive/2019/texmf-dist/fonts/type1/public/amsfonts/cm/cmr10.pfb><c:/te
xlive/2019/texmf-dist/fonts/type1/public/amsfonts/cm/cmr12.pfb><c:/texlive/2019
/texmf-dist/fonts/type1/public/amsfonts/cm/cmr17.pfb><c:/texlive/2019/texmf-dis
t/fonts/type1/public/amsfonts/cm/cmr5.pfb><c:/texlive/2019/texmf-dist/fonts/typ
e1/public/amsfonts/cm/cmr7.pfb><c:/texlive/2019/texmf-dist/fonts/type1/public/a
msfonts/cm/cmsy10.pfb><c:/texlive/2019/texmf-dist/fonts/type1/public/amsfonts/c
m/cmsy5.pfb><c:/texlive/2019/texmf-dist/fonts/type1/public/amsfonts/cm/cmsy7.pf
b><c:/texlive/2019/texmf-dist/fonts/type1/public/amsfonts/cm/cmti10.pfb><c:/tex
live/2019/texmf-dist/fonts/type1/public/amsfonts/symbols/msbm10.pfb><c:/texlive
/2019/texmf-dist/fonts/type1/public/cm-super/sfrm1000.pfb>
Output written on chapter2_.pdf (37 pages, 481254 bytes).
PDF statistics:
 500 PDF objects out of 1000 (max. 8388607)
 218 compressed objects within 3 object streams
 0 named destinations out of 1000 (max. 500000)
 46 words of extra memory for PDF output out of 10000 (max. 10000000)

