This is pdfTeX, Version 3.14159265-2.6-1.40.20 (TeX Live 2019/W32TeX) (preloaded format=pdflatex 2020.2.25)  21 SEP 2020 15:22
entering extended mode
 restricted \write18 enabled.
 %&-line parsing enabled.
**chapter2.tex
(./chapter2.tex
LaTeX2e <2020-02-02> patch level 3
L3 programming layer <2020-02-21>
(c:/texlive/2019/texmf-dist/tex/latex/base/article.cls
Document Class: article 2019/12/20 v1.4l Standard LaTeX document class
(c:/texlive/2019/texmf-dist/tex/latex/base/size10.clo
File: size10.clo 2019/12/20 v1.4l Standard LaTeX file (size option)
)
\c@part=\count167
\c@section=\count168
\c@subsection=\count169
\c@subsubsection=\count170
\c@paragraph=\count171
\c@subparagraph=\count172
\c@figure=\count173
\c@table=\count174
\abovecaptionskip=\skip47
\belowcaptionskip=\skip48
\bibindent=\dimen134
)
(c:/texlive/2019/texmf-dist/tex/latex/base/inputenc.sty
Package: inputenc 2018/08/11 v1.3c Input encoding file
\inpenc@prehook=\toks14
\inpenc@posthook=\toks15
)
(c:/texlive/2019/texmf-dist/tex/generic/babel/babel.sty
Package: babel 2020/02/14 3.40 The Babel package

(c:/texlive/2019/texmf-dist/tex/generic/babel/switch.def
File: switch.def 2020/02/14 3.40 Babel switching mechanism
)
(c:/texlive/2019/texmf-dist/tex/generic/babel-english/english.ldf
Language: english 2017/06/06 v3.3r English support from the babel system

(c:/texlive/2019/texmf-dist/tex/generic/babel/babel.def
File: babel.def 2020/02/14 3.40 Babel common definitions
\babel@savecnt=\count175
\U@D=\dimen135

(c:/texlive/2019/texmf-dist/tex/generic/babel/txtbabel.def)
\bbl@readstream=\read2
\bbl@dirlevel=\count176
)
Package babel Info: \l@canadian = using hyphenrules for english
(babel)             (\language0) on input line 102.
Package babel Info: \l@australian = using hyphenrules for ukenglish
(babel)             (\language21) on input line 105.
Package babel Info: \l@newzealand = using hyphenrules for ukenglish
(babel)             (\language21) on input line 108.
))
(c:/texlive/2019/texmf-dist/tex/latex/amsmath/amsmath.sty
Package: amsmath 2020/01/20 v2.17e AMS math features
\@mathmargin=\skip49

For additional information on amsmath, use the `?' option.
(c:/texlive/2019/texmf-dist/tex/latex/amsmath/amstext.sty
Package: amstext 2000/06/29 v2.01 AMS text

(c:/texlive/2019/texmf-dist/tex/latex/amsmath/amsgen.sty
File: amsgen.sty 1999/11/30 v2.0 generic functions
\@emptytoks=\toks16
\ex@=\dimen136
))
(c:/texlive/2019/texmf-dist/tex/latex/amsmath/amsbsy.sty
Package: amsbsy 1999/11/29 v1.2d Bold Symbols
\pmbraise@=\dimen137
)
(c:/texlive/2019/texmf-dist/tex/latex/amsmath/amsopn.sty
Package: amsopn 2016/03/08 v2.02 operator names
)
\inf@bad=\count177
LaTeX Info: Redefining \frac on input line 227.
\uproot@=\count178
\leftroot@=\count179
LaTeX Info: Redefining \overline on input line 389.
\classnum@=\count180
\DOTSCASE@=\count181
LaTeX Info: Redefining \ldots on input line 486.
LaTeX Info: Redefining \dots on input line 489.
LaTeX Info: Redefining \cdots on input line 610.
\Mathstrutbox@=\box45
\strutbox@=\box46
\big@size=\dimen138
LaTeX Font Info:    Redeclaring font encoding OML on input line 733.
LaTeX Font Info:    Redeclaring font encoding OMS on input line 734.
\macc@depth=\count182
\c@MaxMatrixCols=\count183
\dotsspace@=\muskip16
\c@parentequation=\count184
\dspbrk@lvl=\count185
\tag@help=\toks17
\row@=\count186
\column@=\count187
\maxfields@=\count188
\andhelp@=\toks18
\eqnshift@=\dimen139
\alignsep@=\dimen140
\tagshift@=\dimen141
\tagwidth@=\dimen142
\totwidth@=\dimen143
\lineht@=\dimen144
\@envbody=\toks19
\multlinegap=\skip50
\multlinetaggap=\skip51
\mathdisplay@stack=\toks20
LaTeX Info: Redefining \[ on input line 2859.
LaTeX Info: Redefining \] on input line 2860.
)
(c:/texlive/2019/texmf-dist/tex/latex/amsfonts/amsfonts.sty
Package: amsfonts 2013/01/14 v3.01 Basic AMSFonts support
\symAMSa=\mathgroup4
\symAMSb=\mathgroup5
LaTeX Font Info:    Redeclaring math symbol \hbar on input line 98.
LaTeX Font Info:    Overwriting math alphabet `\mathfrak' in version `bold'
(Font)                  U/euf/m/n --> U/euf/b/n on input line 106.
)
(c:/texlive/2019/texmf-dist/tex/latex/amsfonts/amssymb.sty
Package: amssymb 2013/01/14 v3.01 AMS font symbols
)
(c:/texlive/2019/texmf-dist/tex/latex/graphics/graphicx.sty
Package: graphicx 2019/11/30 v1.2a Enhanced LaTeX Graphics (DPC,SPQR)

(c:/texlive/2019/texmf-dist/tex/latex/graphics/keyval.sty
Package: keyval 2014/10/28 v1.15 key=value parser (DPC)
\KV@toks@=\toks21
)
(c:/texlive/2019/texmf-dist/tex/latex/graphics/graphics.sty
Package: graphics 2019/11/30 v1.4a Standard LaTeX Graphics (DPC,SPQR)

(c:/texlive/2019/texmf-dist/tex/latex/graphics/trig.sty
Package: trig 2016/01/03 v1.10 sin cos tan (DPC)
)
(c:/texlive/2019/texmf-dist/tex/latex/graphics-cfg/graphics.cfg
File: graphics.cfg 2016/06/04 v1.11 sample graphics configuration
)
Package graphics Info: Driver file: pdftex.def on input line 105.

(c:/texlive/2019/texmf-dist/tex/latex/graphics-def/pdftex.def
File: pdftex.def 2018/01/08 v1.0l Graphics/color driver for pdftex
))
\Gin@req@height=\dimen145
\Gin@req@width=\dimen146
)
(c:/texlive/2019/texmf-dist/tex/latex/caption/caption.sty
Package: caption 2020/01/03 v3.4h Customizing captions (AR)

(c:/texlive/2019/texmf-dist/tex/latex/caption/caption3.sty
Package: caption3 2020/01/03 v1.8h caption3 kernel (AR)
Package caption3 Info: TeX engine: e-TeX on input line 61.
\captionmargin=\dimen147
\captionmargin@=\dimen148
\captionwidth=\dimen149
\caption@tempdima=\dimen150
\caption@indent=\dimen151
\caption@parindent=\dimen152
\caption@hangindent=\dimen153
Package caption Info: Standard document class detected.
)
\c@caption@flags=\count189
\c@continuedfloat=\count190
)
(c:/texlive/2019/texmf-dist/tex/latex/float/float.sty
Package: float 2001/11/08 v1.3d Float enhancements (AL)
\c@float@type=\count191
\float@exts=\toks22
\float@box=\box47
\@float@everytoks=\toks23
\@floatcapt=\box48
)
(c:/texlive/2019/texmf-dist/tex/latex/tools/array.sty
Package: array 2019/08/31 v2.4l Tabular extension package (FMi)
\col@sep=\dimen154
\ar@mcellbox=\box49
\extrarowheight=\dimen155
\NC@list=\toks24
\extratabsurround=\skip52
\backup@length=\skip53
\ar@cellbox=\box50
)
(c:/texlive/2019/texmf-dist/tex/latex/booktabs/booktabs.sty
Package: booktabs 2020/01/12 v1.61803398 Publication quality tables
\heavyrulewidth=\dimen156
\lightrulewidth=\dimen157
\cmidrulewidth=\dimen158
\belowrulesep=\dimen159
\belowbottomsep=\dimen160
\aboverulesep=\dimen161
\abovetopsep=\dimen162
\cmidrulesep=\dimen163
\cmidrulekern=\dimen164
\defaultaddspace=\dimen165
\@cmidla=\count192
\@cmidlb=\count193
\@aboverulesep=\dimen166
\@belowrulesep=\dimen167
\@thisruleclass=\count194
\@lastruleclass=\count195
\@thisrulewidth=\dimen168
)
(c:/texlive/2019/texmf-dist/tex/latex/varwidth/varwidth.sty
Package: varwidth 2009/03/30 ver 0.92;  Variable-width minipages
\@vwid@box=\box51
\sift@deathcycles=\count196
\@vwid@loff=\dimen169
\@vwid@roff=\dimen170
)
(c:/texlive/2019/texmf-dist/tex/latex/csvsimple/csvsimple.sty
Package: csvsimple 2019/04/09 version 1.21 LaTeX CSV file processing

(c:/texlive/2019/texmf-dist/tex/latex/pgf/utilities/pgfrcs.sty
(c:/texlive/2019/texmf-dist/tex/generic/pgf/utilities/pgfutil-common.tex
\pgfutil@everybye=\toks25
\pgfutil@tempdima=\dimen171
\pgfutil@tempdimb=\dimen172

(c:/texlive/2019/texmf-dist/tex/generic/pgf/utilities/pgfutil-common-lists.tex)
) (c:/texlive/2019/texmf-dist/tex/generic/pgf/utilities/pgfutil-latex.def
\pgfutil@abb=\box52

(c:/texlive/2019/texmf-dist/tex/latex/ms/everyshi.sty
Package: everyshi 2001/05/15 v3.00 EveryShipout Package (MS)
))
(c:/texlive/2019/texmf-dist/tex/generic/pgf/utilities/pgfrcs.code.tex
(c:/texlive/2019/texmf-dist/tex/generic/pgf/pgf.revision.tex)
Package: pgfrcs 2020/01/08 v3.1.5b (3.1.5b)
))
(c:/texlive/2019/texmf-dist/tex/latex/pgf/utilities/pgfkeys.sty
(c:/texlive/2019/texmf-dist/tex/generic/pgf/utilities/pgfkeys.code.tex
\pgfkeys@pathtoks=\toks26
\pgfkeys@temptoks=\toks27

(c:/texlive/2019/texmf-dist/tex/generic/pgf/utilities/pgfkeysfiltered.code.tex
\pgfkeys@tmptoks=\toks28
))) (c:/texlive/2019/texmf-dist/tex/latex/base/ifthen.sty
Package: ifthen 2014/09/29 v1.1c Standard LaTeX ifthen package (DPC)
)
(c:/texlive/2019/texmf-dist/tex/latex/etoolbox/etoolbox.sty
Package: etoolbox 2019/09/21 v2.5h e-TeX tools for LaTeX (JAW)
\etb@tempcnta=\count197
)
(c:/texlive/2019/texmf-dist/tex/latex/tools/shellesc.sty
Package: shellesc 2019/11/08 v1.0c unified shell escape interface for LaTeX
Package shellesc Info: Restricted shell escape enabled on input line 77.
)
\csv@file=\read3
\c@csvinputline=\count198
\c@csvrow=\count199
\c@csvcol=\count266
\csv@out=\write3
)
(c:/texlive/2019/texmf-dist/tex/latex/comment/comment.sty
\CommentStream=\write4

Excluding comment 'comment')
(c:/texlive/2019/texmf-dist/tex/latex/biblatex/biblatex.sty
Package: biblatex 2019/12/01 v3.14 programmable bibliographies (PK/MW)

(c:/texlive/2019/texmf-dist/tex/latex/pdftexcmds/pdftexcmds.sty
Package: pdftexcmds 2019/11/24 v0.31 Utility functions of pdfTeX for LuaTeX (HO
)

(c:/texlive/2019/texmf-dist/tex/generic/infwarerr/infwarerr.sty
Package: infwarerr 2019/12/03 v1.5 Providing info/warning/error messages (HO)
)
(c:/texlive/2019/texmf-dist/tex/generic/iftex/iftex.sty
Package: iftex 2019/11/07 v1.0c TeX engine tests
)
(c:/texlive/2019/texmf-dist/tex/generic/ltxcmds/ltxcmds.sty
Package: ltxcmds 2019/12/15 v1.24 LaTeX kernel commands for general use (HO)
)
Package pdftexcmds Info: \pdf@primitive is available.
Package pdftexcmds Info: \pdf@ifprimitive is available.
Package pdftexcmds Info: \pdfdraftmode found.
)
(c:/texlive/2019/texmf-dist/tex/latex/kvoptions/kvoptions.sty
Package: kvoptions 2019/11/29 v3.13 Key value format for package options (HO)

(c:/texlive/2019/texmf-dist/tex/generic/kvsetkeys/kvsetkeys.sty
Package: kvsetkeys 2019/12/15 v1.18 Key value parser (HO)
))
(c:/texlive/2019/texmf-dist/tex/latex/logreq/logreq.sty
Package: logreq 2010/08/04 v1.0 xml request logger
\lrq@indent=\count267

(c:/texlive/2019/texmf-dist/tex/latex/logreq/logreq.def
File: logreq.def 2010/08/04 v1.0 logreq spec v1.0
))
(c:/texlive/2019/texmf-dist/tex/latex/url/url.sty
\Urlmuskip=\muskip17
Package: url 2013/09/16  ver 3.4  Verb mode for urls, etc.
)
\c@tabx@nest=\count268
\c@listtotal=\count269
\c@listcount=\count270
\c@liststart=\count271
\c@liststop=\count272
\c@citecount=\count273
\c@citetotal=\count274
\c@multicitecount=\count275
\c@multicitetotal=\count276
\c@instcount=\count277
\c@maxnames=\count278
\c@minnames=\count279
\c@maxitems=\count280
\c@minitems=\count281
\c@citecounter=\count282
\c@maxcitecounter=\count283
\c@savedcitecounter=\count284
\c@uniquelist=\count285
\c@uniquename=\count286
\c@refsection=\count287
\c@refsegment=\count288
\c@maxextratitle=\count289
\c@maxextratitleyear=\count290
\c@maxextraname=\count291
\c@maxextradate=\count292
\c@maxextraalpha=\count293
\c@abbrvpenalty=\count294
\c@highnamepenalty=\count295
\c@lownamepenalty=\count296
\c@maxparens=\count297
\c@parenlevel=\count298
\blx@tempcnta=\count299
\blx@tempcntb=\count300
\blx@tempcntc=\count301
\blx@maxsection=\count302
\blx@maxsegment@0=\count303
\blx@notetype=\count304
\blx@parenlevel@text=\count305
\blx@parenlevel@foot=\count306
\blx@sectionciteorder@0=\count307
\blx@entrysetcounter=\count308
\labelnumberwidth=\skip54
\labelalphawidth=\skip55
\biblabelsep=\skip56
\bibitemsep=\skip57
\bibnamesep=\skip58
\bibinitsep=\skip59
\bibparsep=\skip60
\bibhang=\skip61
\blx@bcfin=\read4
\blx@bcfout=\write5
\blx@langwohyphens=\language85
\c@mincomprange=\count309
\c@maxcomprange=\count310
\c@mincompwidth=\count311
Package biblatex Info: Trying to load biblatex default data model...
Package biblatex Info: ... file 'blx-dm.def' found.

(c:/texlive/2019/texmf-dist/tex/latex/biblatex/blx-dm.def
File: blx-dm.def 2019/12/01 v3.14 biblatex localization (PK/MW)
)
Package biblatex Info: Trying to load biblatex style data model...
Package biblatex Info: ... file 'draft.dbx' not found.
Package biblatex Info: Trying to load biblatex custom data model...
Package biblatex Info: ... file 'biblatex-dm.cfg' not found.
\c@afterword=\count312
\c@savedafterword=\count313
\c@annotator=\count314
\c@savedannotator=\count315
\c@author=\count316
\c@savedauthor=\count317
\c@bookauthor=\count318
\c@savedbookauthor=\count319
\c@commentator=\count320
\c@savedcommentator=\count321
\c@editor=\count322
\c@savededitor=\count323
\c@editora=\count324
\c@savededitora=\count325
\c@editorb=\count326
\c@savededitorb=\count327
\c@editorc=\count328
\c@savededitorc=\count329
\c@foreword=\count330
\c@savedforeword=\count331
\c@holder=\count332
\c@savedholder=\count333
\c@introduction=\count334
\c@savedintroduction=\count335
\c@namea=\count336
\c@savednamea=\count337
\c@nameb=\count338
\c@savednameb=\count339
\c@namec=\count340
\c@savednamec=\count341
\c@translator=\count342
\c@savedtranslator=\count343
\c@shortauthor=\count344
\c@savedshortauthor=\count345
\c@shorteditor=\count346
\c@savedshorteditor=\count347
\c@labelname=\count348
\c@savedlabelname=\count349
\c@institution=\count350
\c@savedinstitution=\count351
\c@lista=\count352
\c@savedlista=\count353
\c@listb=\count354
\c@savedlistb=\count355
\c@listc=\count356
\c@savedlistc=\count357
\c@listd=\count358
\c@savedlistd=\count359
\c@liste=\count360
\c@savedliste=\count361
\c@listf=\count362
\c@savedlistf=\count363
\c@location=\count364
\c@savedlocation=\count365
\c@organization=\count366
\c@savedorganization=\count367
\c@origlocation=\count368
\c@savedoriglocation=\count369
\c@origpublisher=\count370
\c@savedorigpublisher=\count371
\c@publisher=\count372
\c@savedpublisher=\count373
\c@language=\count374
\c@savedlanguage=\count375
\c@origlanguage=\count376
\c@savedoriglanguage=\count377
\c@pageref=\count378
\c@savedpageref=\count379
\shorthandwidth=\skip62
\shortjournalwidth=\skip63
\shortserieswidth=\skip64
\shorttitlewidth=\skip65
\shortauthorwidth=\skip66
\shorteditorwidth=\skip67
\locallabelnumberwidth=\skip68
\locallabelalphawidth=\skip69
\localshorthandwidth=\skip70
\localshortjournalwidth=\skip71
\localshortserieswidth=\skip72
\localshorttitlewidth=\skip73
\localshortauthorwidth=\skip74
\localshorteditorwidth=\skip75
Package biblatex Info: Trying to load compatibility code...
Package biblatex Info: ... file 'blx-compat.def' found.

(c:/texlive/2019/texmf-dist/tex/latex/biblatex/blx-compat.def
File: blx-compat.def 2019/12/01 v3.14 biblatex compatibility (PK/MW)
)
Package biblatex Info: Trying to load generic definitions...
Package biblatex Info: ... file 'biblatex.def' found.

(c:/texlive/2019/texmf-dist/tex/latex/biblatex/biblatex.def
File: biblatex.def 2019/12/01 v3.14 biblatex compatibility (PK/MW)
\c@textcitecount=\count380
\c@textcitetotal=\count381
\c@textcitemaxnames=\count382
\c@biburlbigbreakpenalty=\count383
\c@biburlbreakpenalty=\count384
\c@biburlnumpenalty=\count385
\c@biburlucpenalty=\count386
\c@biburllcpenalty=\count387
\biburlbigskip=\muskip18
\biburlnumskip=\muskip19
\biburlucskip=\muskip20
\biburllcskip=\muskip21
\c@smartand=\count388
)
Package biblatex Info: Trying to load bibliography style 'draft'...
Package biblatex Info: ... file 'draft.bbx' found.

(c:/texlive/2019/texmf-dist/tex/latex/biblatex/bbx/draft.bbx
File: draft.bbx 2019/12/01 v3.14 biblatex bibliography style (PK/MW)
Package biblatex Info: Trying to load bibliography style 'standard'...
Package biblatex Info: ... file 'standard.bbx' found.

(c:/texlive/2019/texmf-dist/tex/latex/biblatex/bbx/standard.bbx
File: standard.bbx 2019/12/01 v3.14 biblatex bibliography style (PK/MW)
\c@bbx:relatedcount=\count389
\c@bbx:relatedtotal=\count390
))
Package biblatex Info: Trying to load citation style 'draft'...
Package biblatex Info: ... file 'draft.cbx' found.

(c:/texlive/2019/texmf-dist/tex/latex/biblatex/cbx/draft.cbx
File: draft.cbx 2019/12/01 v3.14 biblatex citation style (PK/MW)
Package biblatex Info: Redefining '\cite'.
Package biblatex Info: Redefining '\parencite'.
Package biblatex Info: Redefining '\footcite'.
Package biblatex Info: Redefining '\footcitetext'.
Package biblatex Info: Redefining '\smartcite'.
Package biblatex Info: Redefining '\textcite'.
)
Package biblatex Info: Trying to load configuration file...
Package biblatex Info: ... file 'biblatex.cfg' found.

(c:/texlive/2019/texmf-dist/tex/latex/biblatex/biblatex.cfg
File: biblatex.cfg 
))

Package biblatex Warning: 'babel/polyglossia' detected but 'csquotes' missing.
(biblatex)                Loading 'csquotes' recommended.

\@quotelevel=\count391
\@quotereset=\count392
(c:/texlive/2019/texmf-dist/tex/latex/l3backend/l3backend-pdfmode.def
File: l3backend-pdfmode.def 2020-02-21 L3 backend support: PDF mode
\l__kernel_color_stack_int=\count393
\l__pdf_internal_box=\box53
)
(./chapter2.aux)
\openout1 = `chapter2.aux'.

LaTeX Font Info:    Checking defaults for OML/cmm/m/it on input line 29.
LaTeX Font Info:    ... okay on input line 29.
LaTeX Font Info:    Checking defaults for OMS/cmsy/m/n on input line 29.
LaTeX Font Info:    ... okay on input line 29.
LaTeX Font Info:    Checking defaults for OT1/cmr/m/n on input line 29.
LaTeX Font Info:    ... okay on input line 29.
LaTeX Font Info:    Checking defaults for T1/cmr/m/n on input line 29.
LaTeX Font Info:    ... okay on input line 29.
LaTeX Font Info:    Checking defaults for TS1/cmr/m/n on input line 29.
LaTeX Font Info:    ... okay on input line 29.
LaTeX Font Info:    Checking defaults for OMX/cmex/m/n on input line 29.
LaTeX Font Info:    ... okay on input line 29.
LaTeX Font Info:    Checking defaults for U/cmr/m/n on input line 29.
LaTeX Font Info:    ... okay on input line 29.

(c:/texlive/2019/texmf-dist/tex/context/base/mkii/supp-pdf.mkii
[Loading MPS to PDF converter (version 2006.09.02).]
\scratchcounter=\count394
\scratchdimen=\dimen173
\scratchbox=\box54
\nofMPsegments=\count395
\nofMParguments=\count396
\everyMPshowfont=\toks29
\MPscratchCnt=\count397
\MPscratchDim=\dimen174
\MPnumerator=\count398
\makeMPintoPDFobject=\count399
\everyMPtoPDFconversion=\toks30
) (c:/texlive/2019/texmf-dist/tex/latex/epstopdf-pkg/epstopdf-base.sty
Package: epstopdf-base 2020-01-24 v2.11 Base part for package epstopdf

(c:/texlive/2019/texmf-dist/tex/latex/grfext/grfext.sty
Package: grfext 2019/12/03 v1.3 Manage graphics extensions (HO)

(c:/texlive/2019/texmf-dist/tex/generic/kvdefinekeys/kvdefinekeys.sty
Package: kvdefinekeys 2019-12-19 v1.6 Define keys (HO)
))
Package epstopdf-base Info: Redefining graphics rule for `.eps' on input line 4
85.
Package grfext Info: Graphics extension search list:
(grfext)             [.pdf,.png,.jpg,.mps,.jpeg,.jbig2,.jb2,.PDF,.PNG,.JPG,.JPE
G,.JBIG2,.JB2,.eps]
(grfext)             \AppendGraphicsExtensions on input line 504.

(c:/texlive/2019/texmf-dist/tex/latex/latexconfig/epstopdf-sys.cfg
File: epstopdf-sys.cfg 2010/07/13 v1.3 Configuration of (r)epstopdf for TeX Liv
e
))
Package caption Info: Begin \AtBeginDocument code.
Package caption Info: float package is loaded.
Package caption Info: End \AtBeginDocument code.

ABD: EveryShipout initializing macros
Package biblatex Info: Trying to load language 'english'...
Package biblatex Info: ... file 'english.lbx' found.

(c:/texlive/2019/texmf-dist/tex/latex/biblatex/lbx/english.lbx
File: english.lbx 2019/12/01 v3.14 biblatex localization (PK/MW)
)
Package biblatex Info: Input encoding 'utf8' detected.
Package biblatex Info: Automatic encoding selection.
(biblatex)             Assuming data encoding 'utf8'.
\openout5 = `chapter2.bcf'.

Package biblatex Info: Trying to load bibliographic data...
Package biblatex Info: ... file 'chapter2.bbl' found.
 (./chapter2.bbl)
Package biblatex Info: Reference section=0 on input line 29.
Package biblatex Info: Reference segment=0 on input line 29.
LaTeX Font Info:    Trying to load font information for U+msa on input line 30.

 (c:/texlive/2019/texmf-dist/tex/latex/amsfonts/umsa.fd
File: umsa.fd 2013/01/14 v3.01 AMS symbols A
)
LaTeX Font Info:    Trying to load font information for U+msb on input line 30.


(c:/texlive/2019/texmf-dist/tex/latex/amsfonts/umsb.fd
File: umsb.fd 2013/01/14 v3.01 AMS symbols B
) [1

{c:/texlive/2019/texmf-var/fonts/map/pdftex/updmap/pdftex.map}] [2]
Underfull \hbox (badness 10000) in paragraph at lines 134--135

 []


Underfull \hbox (badness 10000) in paragraph at lines 177--178

 []

[3]
Underfull \hbox (badness 10000) in paragraph at lines 189--190

 []


Underfull \hbox (badness 10000) in paragraph at lines 221--222

 []

[4]
Underfull \hbox (badness 10000) in paragraph at lines 235--236

 []

[5] [6]
Underfull \hbox (badness 10000) in paragraph at lines 325--326

 []


Underfull \hbox (badness 10000) in paragraph at lines 339--340

 []

[7]
Underfull \hbox (badness 10000) in paragraph at lines 347--348

 []


Underfull \hbox (badness 10000) in paragraph at lines 365--366

 []


Underfull \hbox (badness 10000) in paragraph at lines 377--378

 []

[8]
Underfull \hbox (badness 10000) in paragraph at lines 399--400

 []


Underfull \hbox (badness 10000) in paragraph at lines 403--404

 []


Underfull \hbox (badness 10000) in paragraph at lines 407--408

 []

[9]
Underfull \hbox (badness 10000) in paragraph at lines 419--420

 []


Underfull \hbox (badness 10000) in paragraph at lines 433--434

 []

[10] [11] [12] [13]

LaTeX Warning: Empty bibliography on input line 573.

[14] (./chapter2.aux)
Package logreq Info: Writing requests to 'chapter2.run.xml'.
\openout1 = `chapter2.run.xml'.

 ) 
Here is how much of TeX's memory you used:
 12700 strings out of 481228
 229496 string characters out of 5921397
 861780 words of memory out of 5000000
 27801 multiletter control sequences out of 15000+600000
 541501 words of font info for 59 fonts, out of 8000000 for 9000
 1141 hyphenation exceptions out of 8191
 43i,17n,48p,813b,1590s stack positions out of 5000i,500n,10000p,200000b,80000s
{c:/texlive/2019/texmf-dist/fonts/enc/dvips/cm-super/cm-super-ts1.enc}<c:/tex
live/2019/texmf-dist/fonts/type1/public/amsfonts/cm/cmbx10.pfb><c:/texlive/2019
/texmf-dist/fonts/type1/public/amsfonts/cm/cmbx12.pfb><c:/texlive/2019/texmf-di
st/fonts/type1/public/amsfonts/cm/cmex10.pfb><c:/texlive/2019/texmf-dist/fonts/
type1/public/amsfonts/cm/cmmi10.pfb><c:/texlive/2019/texmf-dist/fonts/type1/pub
lic/amsfonts/cm/cmmi5.pfb><c:/texlive/2019/texmf-dist/fonts/type1/public/amsfon
ts/cm/cmmi7.pfb><c:/texlive/2019/texmf-dist/fonts/type1/public/amsfonts/cm/cmr1
0.pfb><c:/texlive/2019/texmf-dist/fonts/type1/public/amsfonts/cm/cmr12.pfb><c:/
texlive/2019/texmf-dist/fonts/type1/public/amsfonts/cm/cmr17.pfb><c:/texlive/20
19/texmf-dist/fonts/type1/public/amsfonts/cm/cmr5.pfb><c:/texlive/2019/texmf-di
st/fonts/type1/public/amsfonts/cm/cmr7.pfb><c:/texlive/2019/texmf-dist/fonts/ty
pe1/public/amsfonts/cm/cmsy10.pfb><c:/texlive/2019/texmf-dist/fonts/type1/publi
c/amsfonts/cm/cmsy7.pfb><c:/texlive/2019/texmf-dist/fonts/type1/public/amsfonts
/cm/cmti10.pfb><c:/texlive/2019/texmf-dist/fonts/type1/public/amsfonts/symbols/
msbm10.pfb><c:/texlive/2019/texmf-dist/fonts/type1/public/cm-super/sfrm1000.pfb
>
Output written on chapter2.pdf (14 pages, 220024 bytes).
PDF statistics:
 115 PDF objects out of 1000 (max. 8388607)
 82 compressed objects within 1 object stream
 0 named destinations out of 1000 (max. 500000)
 1 words of extra memory for PDF output out of 10000 (max. 10000000)

