\BOOKMARK [0][-]{chapter.1}{1 Introduction}{}% 1
\BOOKMARK [1][-]{section.1.1}{1.1 Related Work}{chapter.1}% 2
\BOOKMARK [2][-]{subsection.1.1.1}{1.1.1 Parametric Models}{section.1.1}% 3
\BOOKMARK [2][-]{subsection.1.1.2}{1.1.2 Non-parametric Models}{section.1.1}% 4
\BOOKMARK [2][-]{subsection.1.1.3}{1.1.3 Artificial Neural Networks}{section.1.1}% 5
\BOOKMARK [2][-]{subsection.1.1.4}{1.1.4 Look-up Tables}{section.1.1}% 6
\BOOKMARK [1][-]{section.1.2}{1.2 Outline}{chapter.1}% 7
\BOOKMARK [0][-]{chapter.2}{2 Fundamentals}{}% 8
\BOOKMARK [1][-]{section.2.1}{2.1 Linear Models}{chapter.2}% 9
\BOOKMARK [2][-]{subsection.2.1.1}{2.1.1 Parameter Estimation}{section.2.1}% 10
\BOOKMARK [3][-]{section*.1}{The Method of Least Squares}{subsection.2.1.1}% 11
\BOOKMARK [3][-]{section*.2}{Maximum Likelihood Estimation}{subsection.2.1.1}% 12
\BOOKMARK [2][-]{subsection.2.1.2}{2.1.2 Estimation of the Variance 2}{section.2.1}% 13
\BOOKMARK [3][-]{section*.3}{Maximum Likelihood Estimation}{subsection.2.1.2}% 14
\BOOKMARK [3][-]{section*.4}{Restricted Maximum Likelihood Estimation}{subsection.2.1.2}% 15
\BOOKMARK [2][-]{subsection.2.1.3}{2.1.3 The Hat Matrix}{section.2.1}% 16
\BOOKMARK [1][-]{section.2.2}{2.2 Model Selection}{chapter.2}% 17
\BOOKMARK [2][-]{subsection.2.2.1}{2.2.1 Model Assessment Criteria}{section.2.2}% 18
\BOOKMARK [3][-]{section*.5}{Sum of Expected Squared Prediction Error}{subsection.2.2.1}% 19
\BOOKMARK [3][-]{section*.7}{Corrected Coefficient of Determination Rcorr2}{subsection.2.2.1}% 20
\BOOKMARK [3][-]{section*.8}{Corrected Coefficient of Determination after McFadden RMcFadden2}{subsection.2.2.1}% 21
\BOOKMARK [3][-]{section*.9}{Mallow's Cp}{subsection.2.2.1}% 22
\BOOKMARK [3][-]{section*.10}{Akaike Information Criterion}{subsection.2.2.1}% 23
\BOOKMARK [3][-]{section*.11}{Bayesian Information Criteria}{subsection.2.2.1}% 24
\BOOKMARK [3][-]{section*.12}{Cross-validation}{subsection.2.2.1}% 25
\BOOKMARK [2][-]{subsection.2.2.2}{2.2.2 Subset Selection Methods}{section.2.2}% 26
\BOOKMARK [2][-]{subsection.2.2.3}{2.2.3 Regularization}{section.2.2}% 27
\BOOKMARK [1][-]{section.2.3}{2.3 Splines}{chapter.2}% 28
\BOOKMARK [2][-]{subsection.2.3.1}{2.3.1 B-Splines}{section.2.3}% 29
\BOOKMARK [3][-]{section*.14}{Tensor-Product B-Splines}{subsection.2.3.1}% 30
\BOOKMARK [3][-]{section*.15}{Additive Regression}{subsection.2.3.1}% 31
\BOOKMARK [2][-]{subsection.2.3.2}{2.3.2 P-Splines}{section.2.3}% 32
\BOOKMARK [0][-]{chapter.3}{3 Solution Approach}{}% 33
\BOOKMARK [1][-]{section.3.1}{3.1 Shape-constraint P-splines}{chapter.3}% 34
\BOOKMARK [2][-]{subsection.3.1.1}{3.1.1 Monotonic increasing constraint}{section.3.1}% 35
\BOOKMARK [2][-]{subsection.3.1.2}{3.1.2 Monotonic decreasing constraint}{section.3.1}% 36
\BOOKMARK [2][-]{subsection.3.1.3}{3.1.3 Convex constraint}{section.3.1}% 37
\BOOKMARK [2][-]{subsection.3.1.4}{3.1.4 Concave constraint}{section.3.1}% 38
\BOOKMARK [2][-]{subsection.3.1.5}{3.1.5 Peak constraint}{section.3.1}% 39
\BOOKMARK [2][-]{subsection.3.1.6}{3.1.6 Valley constraint}{section.3.1}% 40
\BOOKMARK [2][-]{subsection.3.1.7}{3.1.7 Jamming constraint}{section.3.1}% 41
\BOOKMARK [2][-]{subsection.3.1.8}{3.1.8 Boundedness constraint}{section.3.1}% 42
\BOOKMARK [1][-]{section.3.2}{3.2 Shape-constraint tensor-product P-splines}{chapter.3}% 43
\BOOKMARK [2][-]{subsection.3.2.1}{3.2.1 Monotonic increasing constraint in dimension 1}{section.3.2}% 44
\BOOKMARK [2][-]{subsection.3.2.2}{3.2.2 Monotonic decreasing constraint for dimension 1}{section.3.2}% 45
\BOOKMARK [2][-]{subsection.3.2.3}{3.2.3 Convex constraint for dimension 1}{section.3.2}% 46
\BOOKMARK [2][-]{subsection.3.2.4}{3.2.4 Concave constraint for dimension 1}{section.3.2}% 47
\BOOKMARK [2][-]{subsection.3.2.5}{3.2.5 Shape constraints in two dimensions}{section.3.2}% 48
\BOOKMARK [0][-]{chapter.4}{4 Illustrative Simulation Examples}{}% 49
\BOOKMARK [1][-]{section.4.1}{4.1 Peak Constraint in Practice}{chapter.4}% 50
\BOOKMARK [1][-]{section.4.2}{4.2 Peak Constraint and Sparse Data}{chapter.4}% 51
\BOOKMARK [1][-]{section.4.3}{4.3 The Effect of the Constraint Parameter c}{chapter.4}% 52
\BOOKMARK [0][-]{chapter.5}{5 Practical Applications}{}% 53
\BOOKMARK [1][-]{section.5.1}{5.1 Parameter Estimation}{chapter.5}% 54
\BOOKMARK [1][-]{section.5.2}{5.2 Surrogate Servo-Compensation}{chapter.5}% 55
\BOOKMARK [0][-]{chapter.6}{6 Summary and Outlook}{}% 56
\BOOKMARK [0][-]{section*.41}{Appendices}{}% 57
\BOOKMARK [0][-]{Appendix.1.A}{A Appendix A}{}% 58
\BOOKMARK [1][-]{section.1.A.1}{A.1 Kronecker product}{Appendix.1.A}% 59
\BOOKMARK [1][-]{section.1.A.2}{A.2 Row-wise Kronecker product}{Appendix.1.A}% 60
\BOOKMARK [0][-]{Appendix.1.B}{B Appendix B}{}% 61
