\BOOKMARK [0][-]{Inhaltsverzeichnis.0}{Inhaltsverzeichnis}{}% 1
\BOOKMARK [0][-]{Abbildungsverzeichnis.0}{Abbildungsverzeichnis}{}% 2
\BOOKMARK [0][-]{Tabellenverzeichnis.0}{Tabellenverzeichnis}{}% 3
\BOOKMARK [0][-]{chapter.1}{1 Introduction}{}% 4
\BOOKMARK [0][-]{chapter.2}{2 Fundamentals}{}% 5
\BOOKMARK [1][-]{section.2.1}{2.1 Linear Models}{chapter.2}% 6
\BOOKMARK [2][-]{subsection.2.1.1}{2.1.1 Definition and Model Assumptions}{section.2.1}% 7
\BOOKMARK [2][-]{subsection.2.1.2}{2.1.2 Parameter Estimation}{section.2.1}% 8
\BOOKMARK [3][-]{subsubsection.2.1.2.1}{2.1.2.1 Estimation of the Regression Coefficients }{subsection.2.1.2}% 9
\BOOKMARK [4][-]{paragraph.2.1.2.1.1}{2.1.2.1.1 The Method of Least Squares}{subsubsection.2.1.2.1}% 10
\BOOKMARK [4][-]{paragraph.2.1.2.1.2}{2.1.2.1.2 Maximum Likelihood Estimation}{subsubsection.2.1.2.1}% 11
\BOOKMARK [4][-]{paragraph.2.1.2.1.3}{2.1.2.1.3 The Hat Matrix}{subsubsection.2.1.2.1}% 12
\BOOKMARK [3][-]{subsubsection.2.1.2.2}{2.1.2.2 Estimation of the Variance 2}{subsection.2.1.2}% 13
\BOOKMARK [4][-]{paragraph.2.1.2.2.1}{2.1.2.2.1 Maximum Likelihood Estimation}{subsubsection.2.1.2.2}% 14
\BOOKMARK [4][-]{paragraph.2.1.2.2.2}{2.1.2.2.2 Restricted Maximum Likelihood Estimation}{subsubsection.2.1.2.2}% 15
\BOOKMARK [2][-]{subsection.2.1.3}{2.1.3 Model Selection Techniques, Model Choice Criteria and Regularization}{section.2.1}% 16
\BOOKMARK [3][-]{subsubsection.2.1.3.1}{2.1.3.1 Model Choice Criteria}{subsection.2.1.3}% 17
\BOOKMARK [4][-]{paragraph.2.1.3.1.1}{2.1.3.1.1 Corrected Coefficient of Determination R2corr}{subsubsection.2.1.3.1}% 18
\BOOKMARK [4][-]{paragraph.2.1.3.1.2}{2.1.3.1.2 Mallow's Cp}{subsubsection.2.1.3.1}% 19
\BOOKMARK [4][-]{paragraph.2.1.3.1.3}{2.1.3.1.3 Akaike Information Criterion}{subsubsection.2.1.3.1}% 20
\BOOKMARK [4][-]{paragraph.2.1.3.1.4}{2.1.3.1.4 Bayesian Information Criteria}{subsubsection.2.1.3.1}% 21
\BOOKMARK [4][-]{paragraph.2.1.3.1.5}{2.1.3.1.5 Cross Validation}{subsubsection.2.1.3.1}% 22
\BOOKMARK [3][-]{subsubsection.2.1.3.2}{2.1.3.2 Model Selection Techniques}{subsection.2.1.3}% 23
\BOOKMARK [4][-]{paragraph.2.1.3.2.1}{2.1.3.2.1 Forward Selection}{subsubsection.2.1.3.2}% 24
\BOOKMARK [4][-]{paragraph.2.1.3.2.2}{2.1.3.2.2 Backward selection}{subsubsection.2.1.3.2}% 25
\BOOKMARK [4][-]{paragraph.2.1.3.2.3}{2.1.3.2.3 Step-wise Selection}{subsubsection.2.1.3.2}% 26
\BOOKMARK [3][-]{subsubsection.2.1.3.3}{2.1.3.3 Regularization}{subsection.2.1.3}% 27
\BOOKMARK [4][-]{paragraph.2.1.3.3.1}{2.1.3.3.1 Ridge Regression}{subsubsection.2.1.3.3}% 28
\BOOKMARK [4][-]{paragraph.2.1.3.3.2}{2.1.3.3.2 Lasso Regression}{subsubsection.2.1.3.3}% 29
\BOOKMARK [1][-]{section.2.2}{2.2 Splines}{chapter.2}% 30
\BOOKMARK [2][-]{subsection.2.2.1}{2.2.1 B-Splines}{section.2.2}% 31
\BOOKMARK [2][-]{subsection.2.2.2}{2.2.2 P-Splines}{section.2.2}% 32
\BOOKMARK [2][-]{subsection.2.2.3}{2.2.3 Tensor-Product Splines}{section.2.2}% 33
\BOOKMARK [1][-]{section.2.3}{2.3 Structured Additive Regression}{chapter.2}% 34
\BOOKMARK [0][-]{chapter.3}{3 Mathematical Framework}{}% 35
\BOOKMARK [1][-]{section.3.1}{3.1 One dimension}{chapter.3}% 36
\BOOKMARK [1][-]{section.3.2}{3.2 Penalty Matrices}{chapter.3}% 37
\BOOKMARK [2][-]{subsection.3.2.1}{3.2.1 Monotonicity}{section.3.2}% 38
\BOOKMARK [2][-]{subsection.3.2.2}{3.2.2 Curvature}{section.3.2}% 39
\BOOKMARK [2][-]{subsection.3.2.3}{3.2.3 Unimodality}{section.3.2}% 40
\BOOKMARK [2][-]{subsection.3.2.4}{3.2.4 Multi-modality}{section.3.2}% 41
\BOOKMARK [2][-]{subsection.3.2.5}{3.2.5 Penalty Matrices for Tensor-Product Splines}{section.3.2}% 42
\BOOKMARK [1][-]{section.3.3}{3.3 Other constraints}{chapter.3}% 43
\BOOKMARK [2][-]{subsection.3.3.1}{3.3.1 Positivity}{section.3.3}% 44
\BOOKMARK [1][-]{section.3.4}{3.4 Extension to Multiple Dimensions}{chapter.3}% 45
\BOOKMARK [0][-]{chapter.4}{4 Results}{}% 46
\BOOKMARK [0][-]{chapter.5}{5 Outline}{}% 47
